0 info it worked if it ends with ok
1 verbose cli [ 'C:\\Program Files\\nodejs\\node.exe',
1 verbose cli   'C:\\Users\\dolek\\AppData\\Roaming\\npm\\node_modules\\npm\\bin\\npm-cli.js',
1 verbose cli   'start' ]
2 info using npm@4.0.3
3 info using node@v6.9.1
4 verbose run-script [ 'prestart', 'start', 'poststart' ]
5 info lifecycle video-chat@1.0.0~prestart: video-chat@1.0.0
6 silly lifecycle video-chat@1.0.0~prestart: no script for prestart, continuing
7 info lifecycle video-chat@1.0.0~start: video-chat@1.0.0
8 verbose lifecycle video-chat@1.0.0~start: unsafe-perm in lifecycle true
9 verbose lifecycle video-chat@1.0.0~start: PATH: C:\Users\dolek\AppData\Roaming\npm\node_modules\npm\bin\node-gyp-bin;C:\Users\dolek\Desktop\FCN\final project\video-chat\node_modules\.bin;C:\ProgramData\Oracle\Java\javapath;C:\Program Files (x86)\Intel\iCLS Client\;C:\Program Files\Intel\iCLS Client\;C:\Windows\system32;C:\Windows;C:\Windows\System32\Wbem;C:\Windows\System32\WindowsPowerShell\v1.0\;C:\Program Files (x86)\NVIDIA Corporation\PhysX\Common;C:\Program Files (x86)\Intel\Intel(R) Management Engine Components\DAL;C:\Program Files\Intel\Intel(R) Management Engine Components\DAL;C:\Program Files (x86)\Intel\Intel(R) Management Engine Components\IPT;C:\Program Files\Intel\Intel(R) Management Engine Components\IPT;C:\Program Files\Intel\WiFi\bin\;C:\Program Files\Common Files\Intel\WirelessCommon\;C:\WINDOWS\system32;C:\WINDOWS;C:\WINDOWS\System32\Wbem;C:\WINDOWS\System32\WindowsPowerShell\v1.0\;C:\Program Files (x86)\GtkSharp\2.12\bin;C:\Program Files (x86)\Skype\Phone\;C:\Program Files\nodejs\;C:\Users\dolek\.dnx\bin;C:\Program Files\Microsoft DNX\Dnvm\;C:\Program Files\Microsoft SQL Server\130\Tools\Binn\;C:\Program Files (x86)\Windows Kits\8.1\Windows Performance Toolkit\;C:\Program Files\Git\cmd;C:\Users\dolek\AppData\Local\Microsoft\WindowsApps;C:\Users\dolek\AppData\Roaming\npm
10 verbose lifecycle video-chat@1.0.0~start: CWD: C:\Users\dolek\Desktop\FCN\final project\video-chat
11 silly lifecycle video-chat@1.0.0~start: Args: [ '/d /s /c', 'budo home.js:bundle.js' ]
12 silly lifecycle video-chat@1.0.0~start: Returned: code: 3221225786  signal: null
13 info lifecycle video-chat@1.0.0~start: Failed to exec start script
14 verbose stack Error: video-chat@1.0.0 start: `budo home.js:bundle.js`
14 verbose stack Exit status 3221225786
14 verbose stack     at EventEmitter.<anonymous> (C:\Users\dolek\AppData\Roaming\npm\node_modules\npm\lib\utils\lifecycle.js:279:16)
14 verbose stack     at emitTwo (events.js:106:13)
14 verbose stack     at EventEmitter.emit (events.js:191:7)
14 verbose stack     at ChildProcess.<anonymous> (C:\Users\dolek\AppData\Roaming\npm\node_modules\npm\lib\utils\spawn.js:40:14)
14 verbose stack     at emitTwo (events.js:106:13)
14 verbose stack     at ChildProcess.emit (events.js:191:7)
14 verbose stack     at maybeClose (internal/child_process.js:877:16)
14 verbose stack     at Process.ChildProcess._handle.onexit (internal/child_process.js:226:5)
15 verbose pkgid video-chat@1.0.0
16 verbose cwd C:\Users\dolek\Desktop\FCN\final project\video-chat
17 error Windows_NT 10.0.14393
18 error argv "C:\\Program Files\\nodejs\\node.exe" "C:\\Users\\dolek\\AppData\\Roaming\\npm\\node_modules\\npm\\bin\\npm-cli.js" "start"
19 error node v6.9.1
20 error npm  v4.0.3
21 error code ELIFECYCLE
22 error video-chat@1.0.0 start: `budo home.js:bundle.js`
22 error Exit status 3221225786
23 error Failed at the video-chat@1.0.0 start script 'budo home.js:bundle.js'.
23 error Make sure you have the latest version of node.js and npm installed.
23 error If you do, this is most likely a problem with the video-chat package,
23 error not with npm itself.
23 error Tell the author that this fails on your system:
23 error     budo home.js:bundle.js
23 error You can get information on how to open an issue for this project with:
23 error     npm bugs video-chat
23 error Or if that isn't available, you can get their info via:
23 error     npm owner ls video-chat
23 error There is likely additional logging output above.
24 verbose exit [ 1, true ]
